[0720/172252.811:ERROR:os_crypt_win.cc(93)] Failed to decrypt: 키를 지정된 상태에서 사용하기에 부적합합니다. (0x8009000B)
[0720/172256.473:WARNING:value_store_frontend.cc(45)] Reading mhjfbmdgcfjbbpaeojofohoefgiehjai.alarms from  failed: IO error: .../MANIFEST-000001: Unable to create sequential file (ChromeMethodBFE: 7::NewSequentialFile::1)
[0720/172419.587:WARNING:used_ids.h(55)] Duplicate id found. Reassigning from 104 to 127
[0720/172419.587:WARNING:used_ids.h(55)] Duplicate id found. Reassigning from 102 to 125
[0720/172419.587:WARNING:used_ids.h(55)] Duplicate id found. Reassigning from 104 to 124
[0720/172419.587:WARNING:used_ids.h(55)] Duplicate id found. Reassigning from 106 to 123
[0720/172419.588:WARNING:used_ids.h(55)] Duplicate id found. Reassigning from 110 to 122
[0720/172419.588:WARNING:used_ids.h(55)] Duplicate id found. Reassigning from 103 to 121
[0720/172419.588:WARNING:used_ids.h(55)] Duplicate id found. Reassigning from 105 to 120
[0720/172419.588:WARNING:used_ids.h(55)] Duplicate id found. Reassigning from 111 to 119
[0720/172419.588:WARNING:used_ids.h(55)] Duplicate id found. Reassigning from 1 to 14
[0720/172419.588:WARNING:used_ids.h(55)] Duplicate id found. Reassigning from 3 to 13
[0720/172419.588:WARNING:used_ids.h(55)] Duplicate id found. Reassigning from 5 to 12
[0720/172419.588:WARNING:used_ids.h(55)] Duplicate id found. Reassigning from 6 to 11
[0720/172419.590:ERROR:audio_rtp_receiver.cc(88)] AudioRtpReceiver::OnSetVolume: No audio channel exists.
[0720/172453.111:ERROR:gpu_init.cc(426)] Passthrough is not supported, GL is disabled
[0720/172611.074:WARNING:used_ids.h(55)] Duplicate id found. Reassigning from 104 to 127
[0720/172611.074:WARNING:used_ids.h(55)] Duplicate id found. Reassigning from 102 to 125
[0720/172611.074:WARNING:used_ids.h(55)] Duplicate id found. Reassigning from 104 to 124
[0720/172611.074:WARNING:used_ids.h(55)] Duplicate id found. Reassigning from 106 to 123
[0720/172611.075:WARNING:used_ids.h(55)] Duplicate id found. Reassigning from 110 to 122
[0720/172611.075:WARNING:used_ids.h(55)] Duplicate id found. Reassigning from 103 to 121
[0720/172611.075:WARNING:used_ids.h(55)] Duplicate id found. Reassigning from 105 to 120
[0720/172611.075:WARNING:used_ids.h(55)] Duplicate id found. Reassigning from 111 to 119
[0720/172611.075:WARNING:used_ids.h(55)] Duplicate id found. Reassigning from 1 to 14
[0720/172611.075:WARNING:used_ids.h(55)] Duplicate id found. Reassigning from 3 to 13
[0720/172611.075:WARNING:used_ids.h(55)] Duplicate id found. Reassigning from 5 to 12
[0720/172611.075:WARNING:used_ids.h(55)] Duplicate id found. Reassigning from 6 to 11
[0720/172611.075:ERROR:audio_rtp_receiver.cc(88)] AudioRtpReceiver::OnSetVolume: No audio channel exists.
[0720/172719.748:ERROR:audio_rtp_receiver.cc(88)] AudioRtpReceiver::OnSetVolume: No audio channel exists.
[0720/172719.748:WARNING:used_ids.h(55)] Duplicate id found. Reassigning from 104 to 127
[0720/172719.748:WARNING:used_ids.h(55)] Duplicate id found. Reassigning from 102 to 125
[0720/172719.748:WARNING:used_ids.h(55)] Duplicate id found. Reassigning from 104 to 124
[0720/172719.748:WARNING:used_ids.h(55)] Duplicate id found. Reassigning from 106 to 123
[0720/172719.749:WARNING:used_ids.h(55)] Duplicate id found. Reassigning from 110 to 122
[0720/172719.749:WARNING:used_ids.h(55)] Duplicate id found. Reassigning from 103 to 121
[0720/172719.749:WARNING:used_ids.h(55)] Duplicate id found. Reassigning from 105 to 120
[0720/172719.749:WARNING:used_ids.h(55)] Duplicate id found. Reassigning from 111 to 119
[0720/172719.749:WARNING:used_ids.h(55)] Duplicate id found. Reassigning from 1 to 14
[0720/172719.749:WARNING:used_ids.h(55)] Duplicate id found. Reassigning from 3 to 13
[0720/172719.749:WARNING:used_ids.h(55)] Duplicate id found. Reassigning from 5 to 12
[0720/172719.749:WARNING:used_ids.h(55)] Duplicate id found. Reassigning from 6 to 11
[0720/172735.250:WARNING:used_ids.h(55)] Duplicate id found. Reassigning from 104 to 127
[0720/172735.250:WARNING:used_ids.h(55)] Duplicate id found. Reassigning from 102 to 125
[0720/172735.250:WARNING:used_ids.h(55)] Duplicate id found. Reassigning from 104 to 124
[0720/172735.250:WARNING:used_ids.h(55)] Duplicate id found. Reassigning from 106 to 123
[0720/172735.250:WARNING:used_ids.h(55)] Duplicate id found. Reassigning from 110 to 122
[0720/172735.250:WARNING:used_ids.h(55)] Duplicate id found. Reassigning from 103 to 121
[0720/172735.250:WARNING:used_ids.h(55)] Duplicate id found. Reassigning from 105 to 120
[0720/172735.250:WARNING:used_ids.h(55)] Duplicate id found. Reassigning from 111 to 119
[0720/172735.250:WARNING:used_ids.h(55)] Duplicate id found. Reassigning from 1 to 14
[0720/172735.250:WARNING:used_ids.h(55)] Duplicate id found. Reassigning from 3 to 13
[0720/172735.250:WARNING:used_ids.h(55)] Duplicate id found. Reassigning from 5 to 12
[0720/172735.250:WARNING:used_ids.h(55)] Duplicate id found. Reassigning from 6 to 11
[0720/172735.250:ERROR:audio_rtp_receiver.cc(88)] AudioRtpReceiver::OnSetVolume: No audio channel exists.
[0720/172859.739:WARNING:used_ids.h(55)] Duplicate id found. Reassigning from 104 to 127
[0720/172859.739:WARNING:used_ids.h(55)] Duplicate id found. Reassigning from 102 to 125
[0720/172859.739:WARNING:used_ids.h(55)] Duplicate id found. Reassigning from 104 to 124
[0720/172859.739:WARNING:used_ids.h(55)] Duplicate id found. Reassigning from 106 to 123
[0720/172859.739:WARNING:used_ids.h(55)] Duplicate id found. Reassigning from 110 to 122
[0720/172859.739:WARNING:used_ids.h(55)] Duplicate id found. Reassigning from 103 to 121
[0720/172859.739:WARNING:used_ids.h(55)] Duplicate id found. Reassigning from 105 to 120
[0720/172859.739:WARNING:used_ids.h(55)] Duplicate id found. Reassigning from 111 to 119
[0720/172859.739:WARNING:used_ids.h(55)] Duplicate id found. Reassigning from 1 to 14
[0720/172859.739:WARNING:used_ids.h(55)] Duplicate id found. Reassigning from 3 to 13
[0720/172859.739:WARNING:used_ids.h(55)] Duplicate id found. Reassigning from 5 to 12
[0720/172859.739:WARNING:used_ids.h(55)] Duplicate id found. Reassigning from 6 to 11
[0720/172859.739:ERROR:audio_rtp_receiver.cc(88)] AudioRtpReceiver::OnSetVolume: No audio channel exists.
[0720/172938.437:ERROR:command_buffer_proxy_impl.cc(121)] ContextResult::kTransientFailure: Failed to send GpuChannelMsg_CreateCommandBuffer.
[0720/172938.437:ERROR:command_buffer_proxy_impl.cc(121)] ContextResult::kTransientFailure: Failed to send GpuChannelMsg_CreateCommandBuffer.
